<?xml version="1.0" encoding="UTF-8"?>
<testng-results ignored="0" total="1" passed="1" failed="0" skipped="0">
  <reporter-output>
  </reporter-output>
  <suite started-at="2025-03-08T15:26:18Z" name="Default suite" finished-at="2025-03-08T15:26:29Z" duration-ms="10970">
    <groups>
    </groups>
    <test started-at="2025-03-08T15:26:18Z" name="Default test" finished-at="2025-03-08T15:26:29Z" duration-ms="10970">
      <class name="andreball.AppiumBasics">
        <test-method signature="AppiumTest()[pri:0, instance:andreball.AppiumBasics@72035809]" started-at="2025-03-08T15:26:18Z" name="AppiumTest" finished-at="2025-03-08T15:26:29Z" duration-ms="10958" status="PASS">
          <reporter-output>
          </reporter-output>
        </test-method> <!-- AppiumTest -->
      </class> <!-- andreball.AppiumBasics -->
    </test> <!-- Default test -->
  </suite> <!-- Default suite -->
</testng-results>
